{"failedCount":1,"prefixedPath":"src\/test\/java\/Karate_API\/TestRun.feature","packageQualifiedName":"src.test.java.Karate_API.TestRun","loopIndex":-1,"relativePath":"src\/test\/java\/Karate_API\/TestRun.feature","scenarioResults":[{"sectionIndex":0,"stepResults":[{"result":{"nanos":25406200,"millis":25.4062,"status":"passed"},"step":{"line":5,"prefix":"*","index":0,"text":"def stringname = {Name:Dhoni,Salary:10000,Age:40}"}},{"result":{"nanos":15409000,"millis":15.409,"status":"passed"},"step":{"line":6,"prefix":"*","index":1,"text":"print stringname"},"stepLog":"23:38:47.579 [print] {\n  \"Name\": \"Dhoni\",\n  \"Salary\": 10000,\n  \"Age\": 40\n}\n \n"},{"result":{"nanos":716000,"millis":0.716,"status":"passed"},"step":{"line":7,"prefix":"*","index":2,"text":"url 'https:\/\/dummy.restapiexample.com\/api\/v1\/create'"}},{"result":{"nanos":1586900,"millis":1.5869,"status":"passed"},"step":{"line":8,"prefix":"*","index":3,"text":"request stringname"}},{"result":{"nanos":2468704700,"errorMessage":"http call failed after 2409 milliseconds for url: https:\/\/dummy.restapiexample.com\/api\/v1\/create\nsrc\/test\/java\/Karate_API\/TestRun.feature:9","millis":2468.7047,"status":"failed"},"step":{"line":9,"prefix":"*","index":4,"text":"method post"},"stepLog":"23:38:49.139 request:\n1 > POST https:\/\/dummy.restapiexample.com\/api\/v1\/create\n1 > Content-Type: application\/json; charset=UTF-8\n1 > Content-Length: 40\n1 > Host: dummy.restapiexample.com\n1 > Connection: Keep-Alive\n1 > User-Agent: Apache-HttpClient\/4.5.13 (Java\/1.8.0_202)\n1 > Accept-Encoding: gzip,deflate\n{\"Name\":\"Dhoni\",\"Salary\":10000,\"Age\":40}\n\n23:38:50.051 javax.net.ssl.SSLHandshakeException: sun.security.validator.ValidatorException: PKIX path building failed: sun.security.provider.certpath.SunCertPathBuilderException: unable to find valid certification path to requested target, http call failed after 2409 milliseconds for url: https:\/\/dummy.restapiexample.com\/api\/v1\/create\n23:38:50.051 src\/test\/java\/Karate_API\/TestRun.feature:9\n* method post\nhttp call failed after 2409 milliseconds for url: https:\/\/dummy.restapiexample.com\/api\/v1\/create\nsrc\/test\/java\/Karate_API\/TestRun.feature:9\n"},{"result":{"nanos":0,"millis":0.0,"status":"skipped"},"step":{"line":10,"prefix":"*","index":5,"text":"print request"}}],"line":13,"description":"","durationMillis":2511.8228,"failed":true,"error":"http call failed after 2409 milliseconds for url: https:\/\/dummy.restapiexample.com\/api\/v1\/create\nsrc\/test\/java\/Karate_API\/TestRun.feature:9","tags":["tag1"],"executorName":"main","name":"HTTP Method Testing","startTime":1687198127434,"refId":"[1.1:13]","endTime":1687198130051,"exampleData":{"name":"Dhoni","salary":"10000","age":"40"},"exampleIndex":0}],"callDepth":0,"name":"API_Testing","description":"","resultDate":"2023-06-19 11:38:50 PM","durationMillis":2511.8228,"passedCount":0}